  main.c
c:\users\noah\desktop\skele code\main.c(166): warning C4244: 'function': conversion from 'double' to 'GLfloat', possible loss of data
c:\users\noah\desktop\skele code\main.c(170): warning C4244: 'function': conversion from 'double' to 'GLfloat', possible loss of data
c:\users\noah\desktop\skele code\main.c(173): warning C4244: 'function': conversion from 'const double' to 'GLfloat', possible loss of data
c:\users\noah\desktop\skele code\main.c(181): warning C4244: 'function': conversion from 'const double' to 'GLfloat', possible loss of data
c:\users\noah\desktop\skele code\main.c(209): warning C4305: 'function': truncation from 'double' to 'GLfloat'
c:\users\noah\desktop\skele code\main.c(218): warning C4305: 'function': truncation from 'double' to 'GLfloat'
c:\users\noah\desktop\skele code\main.c(235): warning C4305: 'function': truncation from 'double' to 'GLfloat'
c:\users\noah\desktop\skele code\main.c(238): warning C4305: 'function': truncation from 'double' to 'GLfloat'
c:\users\noah\desktop\skele code\main.c(245): warning C4305: 'function': truncation from 'double' to 'GLfloat'
c:\users\noah\desktop\skele code\main.c(265): warning C4305: 'function': truncation from 'double' to 'GLfloat'
c:\users\noah\desktop\skele code\main.c(270): warning C4305: 'function': truncation from 'double' to 'GLfloat'
c:\users\noah\desktop\skele code\main.c(274): warning C4305: 'function': truncation from 'double' to 'GLfloat'
c:\users\noah\desktop\skele code\main.c(282): warning C4305: 'function': truncation from 'double' to 'GLfloat'
c:\users\noah\desktop\skele code\main.c(283): warning C4305: 'function': truncation from 'double' to 'GLfloat'
c:\users\noah\desktop\skele code\main.c(285): warning C4305: 'function': truncation from 'double' to 'GLfloat'
c:\users\noah\desktop\skele code\main.c(288): warning C4305: 'function': truncation from 'double' to 'GLfloat'
c:\users\noah\desktop\skele code\main.c(304): warning C4305: 'function': truncation from 'double' to 'GLfloat'
c:\users\noah\desktop\skele code\main.c(309): warning C4305: 'function': truncation from 'double' to 'GLfloat'
c:\users\noah\desktop\skele code\main.c(313): warning C4305: 'function': truncation from 'double' to 'GLfloat'
c:\users\noah\desktop\skele code\main.c(321): warning C4305: 'function': truncation from 'double' to 'GLfloat'
c:\users\noah\desktop\skele code\main.c(322): warning C4305: 'function': truncation from 'double' to 'GLfloat'
c:\users\noah\desktop\skele code\main.c(324): warning C4305: 'function': truncation from 'double' to 'GLfloat'
c:\users\noah\desktop\skele code\main.c(327): warning C4305: 'function': truncation from 'double' to 'GLfloat'
c:\users\noah\desktop\skele code\main.c(343): warning C4305: 'function': truncation from 'double' to 'GLfloat'
c:\users\noah\desktop\skele code\main.c(348): warning C4305: 'function': truncation from 'double' to 'GLfloat'
c:\users\noah\desktop\skele code\main.c(352): warning C4305: 'function': truncation from 'double' to 'GLfloat'
c:\users\noah\desktop\skele code\main.c(360): warning C4305: 'function': truncation from 'double' to 'GLfloat'
c:\users\noah\desktop\skele code\main.c(361): warning C4305: 'function': truncation from 'double' to 'GLfloat'
c:\users\noah\desktop\skele code\main.c(362): warning C4305: 'function': truncation from 'double' to 'GLfloat'
c:\users\noah\desktop\skele code\main.c(365): warning C4305: 'function': truncation from 'double' to 'GLfloat'
c:\users\noah\desktop\skele code\main.c(381): warning C4244: 'function': conversion from 'double' to 'GLint', possible loss of data
c:\users\noah\desktop\skele code\main.c(385): warning C4305: 'function': truncation from 'double' to 'GLfloat'
c:\users\noah\desktop\skele code\main.c(388): warning C4244: 'function': conversion from 'double' to 'GLint', possible loss of data
c:\users\noah\desktop\skele code\main.c(467): warning C4244: 'function': conversion from 'double' to 'float', possible loss of data
c:\users\noah\desktop\skele code\main.c(468): warning C4244: 'function': conversion from 'double' to 'float', possible loss of data
c:\users\noah\desktop\skele code\main.c(474): warning C4244: 'function': conversion from 'double' to 'float', possible loss of data
c:\users\noah\desktop\skele code\main.c(475): warning C4244: 'function': conversion from 'double' to 'float', possible loss of data
c:\users\noah\desktop\skele code\main.c(578): warning C4305: '+=': truncation from 'double' to 'GLfloat'
  Assignment1.vcxproj -> C:\Users\Noah\Desktop\CPS 511\CPS511-Assignment-1\Assignment1\Debug\Assignment1.exe
